<?xml version="1.0" encoding="UTF-8"?>
<testng-results ignored="0" total="5" passed="5" failed="0" skipped="0">
  <reporter-output>
  </reporter-output>
  <suite started-at="2024-12-29T19:08:25 IST" name="Default suite" finished-at="2024-12-29T19:10:08 IST" duration-ms="102226">
    <groups>
      <group name="cucumber">
        <method signature="AbstractTestNGCucumberTests.runScenario(io.cucumber.testng.PickleWrapper,io.cucumber.testng.FeatureWrapper)[pri:0, instance:Runner.TestRunner@5b1669c0]" name="runScenario" class="io.cucumber.testng.AbstractTestNGCucumberTests"/>
      </group> <!-- cucumber -->
    </groups>
    <test started-at="2024-12-29T19:08:25 IST" name="Default test" finished-at="2024-12-29T19:10:08 IST" duration-ms="102226">
      <class name="Runner.TestRunner">
        <test-method is-config="true" signature="setUpClass(org.testng.ITestContext)[pri:0, instance:Runner.TestRunner@5b1669c0]" started-at="2024-12-29T19:08:25 IST" name="setUpClass" finished-at="2024-12-29T19:08:26 IST" duration-ms="485" status="PASS">
          <params>
            <param index="0">
              <value>
                <![CDATA[org.testng.TestRunner@79aee22a]]>
              </value>
            </param>
          </params>
          <reporter-output>
          </reporter-output>
        </test-method> <!-- setUpClass -->
        <test-method signature="runScenario(io.cucumber.testng.PickleWrapper,io.cucumber.testng.FeatureWrapper)[pri:0, instance:Runner.TestRunner@5b1669c0]" started-at="2024-12-29T19:08:26 IST" name="runScenario" description="Runs Cucumber Scenarios" data-provider="scenarios" finished-at="2024-12-29T19:08:46 IST" duration-ms="20384" status="PASS">
          <params>
            <param index="0">
              <value>
                <![CDATA["Login with valid details"]]>
              </value>
            </param>
            <param index="1">
              <value>
                <![CDATA["Checking Login functionility"]]>
              </value>
            </param>
          </params>
          <reporter-output>
          </reporter-output>
        </test-method> <!-- runScenario -->
        <test-method signature="runScenario(io.cucumber.testng.PickleWrapper,io.cucumber.testng.FeatureWrapper)[pri:0, instance:Runner.TestRunner@5b1669c0]" started-at="2024-12-29T19:08:46 IST" name="runScenario" description="Runs Cucumber Scenarios" data-provider="scenarios" finished-at="2024-12-29T19:09:06 IST" duration-ms="20194" status="PASS">
          <params>
            <param index="0">
              <value>
                <![CDATA["Login with valid mail and invalid password"]]>
              </value>
            </param>
            <param index="1">
              <value>
                <![CDATA["Checking Login functionility"]]>
              </value>
            </param>
          </params>
          <reporter-output>
          </reporter-output>
        </test-method> <!-- runScenario -->
        <test-method signature="runScenario(io.cucumber.testng.PickleWrapper,io.cucumber.testng.FeatureWrapper)[pri:0, instance:Runner.TestRunner@5b1669c0]" started-at="2024-12-29T19:09:06 IST" name="runScenario" description="Runs Cucumber Scenarios" data-provider="scenarios" finished-at="2024-12-29T19:09:27 IST" duration-ms="20058" status="PASS">
          <params>
            <param index="0">
              <value>
                <![CDATA["Login with invalid mail and valid password"]]>
              </value>
            </param>
            <param index="1">
              <value>
                <![CDATA["Checking Login functionility"]]>
              </value>
            </param>
          </params>
          <reporter-output>
          </reporter-output>
        </test-method> <!-- runScenario -->
        <test-method signature="runScenario(io.cucumber.testng.PickleWrapper,io.cucumber.testng.FeatureWrapper)[pri:0, instance:Runner.TestRunner@5b1669c0]" started-at="2024-12-29T19:09:27 IST" name="runScenario" description="Runs Cucumber Scenarios" data-provider="scenarios" finished-at="2024-12-29T19:09:46 IST" duration-ms="19544" status="PASS">
          <params>
            <param index="0">
              <value>
                <![CDATA["Login with empty mail and valid password"]]>
              </value>
            </param>
            <param index="1">
              <value>
                <![CDATA["Checking Login functionility"]]>
              </value>
            </param>
          </params>
          <reporter-output>
          </reporter-output>
        </test-method> <!-- runScenario -->
        <test-method signature="runScenario(io.cucumber.testng.PickleWrapper,io.cucumber.testng.FeatureWrapper)[pri:0, instance:Runner.TestRunner@5b1669c0]" started-at="2024-12-29T19:09:46 IST" name="runScenario" description="Runs Cucumber Scenarios" data-provider="scenarios" finished-at="2024-12-29T19:10:08 IST" duration-ms="21483" status="PASS">
          <params>
            <param index="0">
              <value>
                <![CDATA["Login with valid mail and empty password"]]>
              </value>
            </param>
            <param index="1">
              <value>
                <![CDATA["Checking Login functionility"]]>
              </value>
            </param>
          </params>
          <reporter-output>
          </reporter-output>
        </test-method> <!-- runScenario -->
        <test-method is-config="true" signature="tearDownClass()[pri:0, instance:Runner.TestRunner@5b1669c0]" started-at="2024-12-29T19:10:08 IST" name="tearDownClass" finished-at="2024-12-29T19:10:08 IST" duration-ms="32" status="PASS">
          <reporter-output>
          </reporter-output>
        </test-method> <!-- tearDownClass -->
      </class> <!-- Runner.TestRunner -->
    </test> <!-- Default test -->
  </suite> <!-- Default suite -->
</testng-results>
